{"C:\\Users\\Jefferson\\Documents\\projects\\meadowlark\\meadowlark.js": {"path":"C:\\Users\\Jefferson\\Documents\\projects\\meadowlark\\meadowlark.js","statementMap":{"0":{"start":{"line":2,"column":13},"end":{"line":2,"column":50}},"1":{"start":{"line":4,"column":16},"end":{"line":4,"column":34}},"2":{"start":{"line":5,"column":26},"end":{"line":5,"column":62}},"3":{"start":{"line":7,"column":14},"end":{"line":7,"column":36}},"4":{"start":{"line":9,"column":17},"end":{"line":9,"column":42}},"5":{"start":{"line":10,"column":15},"end":{"line":10,"column":39}},"6":{"start":{"line":11,"column":12},"end":{"line":11,"column":21}},"7":{"start":{"line":14,"column":0},"end":{"line":16,"column":3}},"8":{"start":{"line":17,"column":0},"end":{"line":17,"column":35}},"9":{"start":{"line":24,"column":0},"end":{"line":24,"column":46}},"10":{"start":{"line":42,"column":0},"end":{"line":42,"column":27}},"11":{"start":{"line":45,"column":0},"end":{"line":45,"column":33}},"12":{"start":{"line":50,"column":0},"end":{"line":50,"column":26}},"13":{"start":{"line":53,"column":0},"end":{"line":53,"column":29}},"14":{"start":{"line":69,"column":0},"end":{"line":74,"column":1}},"15":{"start":{"line":70,"column":4},"end":{"line":71,"column":6}},"16":{"start":{"line":70,"column":27},"end":{"line":70,"column":116}},"17":{"start":{"line":73,"column":4},"end":{"line":73,"column":24}}},"fnMap":{"0":{"name":"(anonymous_0)","decl":{"start":{"line":70,"column":21},"end":{"line":70,"column":22}},"loc":{"start":{"line":70,"column":26},"end":{"line":71,"column":5}},"line":70}},"branchMap":{"0":{"loc":{"start":{"line":10,"column":15},"end":{"line":10,"column":39}},"type":"binary-expr","locations":[{"start":{"line":10,"column":15},"end":{"line":10,"column":31}},{"start":{"line":10,"column":35},"end":{"line":10,"column":39}}],"line":10},"1":{"loc":{"start":{"line":69,"column":0},"end":{"line":74,"column":1}},"type":"if","locations":[{"start":{"line":69,"column":0},"end":{"line":74,"column":1}},{"start":{"line":72,"column":5},"end":{"line":74,"column":1}}],"line":69}},"s":{"0":1,"1":1,"2":1,"3":1,"4":1,"5":1,"6":1,"7":1,"8":1,"9":1,"10":1,"11":1,"12":1,"13":1,"14":1,"15":0,"16":0,"17":1},"f":{"0":0},"b":{"0":[1,1],"1":[0,1]},"_coverageSchema":"1a1c01bbd47fc00a2c39e90264f33305004495a9","hash":"997475d32afd46531749056301ca0433d7ee39d8"}
,"C:\\Users\\Jefferson\\Documents\\projects\\meadowlark\\lib\\handlers.js": {"path":"C:\\Users\\Jefferson\\Documents\\projects\\meadowlark\\lib\\handlers.js","statementMap":{"0":{"start":{"line":5,"column":14},"end":{"line":5,"column":32}},"1":{"start":{"line":7,"column":0},"end":{"line":7,"column":45}},"2":{"start":{"line":7,"column":27},"end":{"line":7,"column":45}},"3":{"start":{"line":8,"column":0},"end":{"line":8,"column":75}},"4":{"start":{"line":8,"column":28},"end":{"line":8,"column":75}},"5":{"start":{"line":9,"column":0},"end":{"line":9,"column":48}},"6":{"start":{"line":9,"column":31},"end":{"line":9,"column":48}},"7":{"start":{"line":11,"column":0},"end":{"line":11,"column":60}},"8":{"start":{"line":11,"column":43},"end":{"line":11,"column":60}}},"fnMap":{"0":{"name":"(anonymous_0)","decl":{"start":{"line":7,"column":15},"end":{"line":7,"column":16}},"loc":{"start":{"line":7,"column":27},"end":{"line":7,"column":45}},"line":7},"1":{"name":"(anonymous_1)","decl":{"start":{"line":8,"column":16},"end":{"line":8,"column":17}},"loc":{"start":{"line":8,"column":28},"end":{"line":8,"column":75}},"line":8},"2":{"name":"(anonymous_2)","decl":{"start":{"line":9,"column":19},"end":{"line":9,"column":20}},"loc":{"start":{"line":9,"column":31},"end":{"line":9,"column":48}},"line":9},"3":{"name":"(anonymous_3)","decl":{"start":{"line":11,"column":22},"end":{"line":11,"column":23}},"loc":{"start":{"line":11,"column":43},"end":{"line":11,"column":60}},"line":11}},"branchMap":{},"s":{"0":2,"1":2,"2":2,"3":2,"4":2,"5":2,"6":3,"7":2,"8":1},"f":{"0":2,"1":2,"2":3,"3":1},"b":{},"_coverageSchema":"1a1c01bbd47fc00a2c39e90264f33305004495a9","hash":"b43b07de4f54a0d5819f80aab6d195dabae8ea9a"}
,"C:\\Users\\Jefferson\\Documents\\projects\\meadowlark\\lib\\sorte.js": {"path":"C:\\Users\\Jefferson\\Documents\\projects\\meadowlark\\lib\\sorte.js","statementMap":{"0":{"start":{"line":4,"column":22},"end":{"line":10,"column":1}},"1":{"start":{"line":12,"column":0},"end":{"line":15,"column":1}},"2":{"start":{"line":13,"column":16},"end":{"line":13,"column":62}},"3":{"start":{"line":14,"column":4},"end":{"line":14,"column":29}}},"fnMap":{"0":{"name":"(anonymous_0)","decl":{"start":{"line":12,"column":20},"end":{"line":12,"column":21}},"loc":{"start":{"line":12,"column":25},"end":{"line":15,"column":1}},"line":12}},"branchMap":{},"s":{"0":2,"1":2,"2":2,"3":2},"f":{"0":2},"b":{},"_coverageSchema":"1a1c01bbd47fc00a2c39e90264f33305004495a9","hash":"293ac9f1a20eed1ef9e629a711a5511c0493673b"}
}
