TN:
SF:meadowlark.js
FN:70,(anonymous_0)
FNF:1
FNH:0
FNDA:0,(anonymous_0)
DA:2,1
DA:4,1
DA:5,1
DA:7,1
DA:9,1
DA:10,1
DA:11,1
DA:14,1
DA:17,1
DA:24,1
DA:42,1
DA:45,1
DA:50,1
DA:53,1
DA:69,1
DA:70,0
DA:73,1
LF:17
LH:16
BRDA:10,0,0,1
BRDA:10,0,1,1
BRDA:69,1,0,0
BRDA:69,1,1,1
BRF:4
BRH:3
end_of_record
TN:
SF:lib\handlers.js
FN:7,(anonymous_0)
FN:8,(anonymous_1)
FN:9,(anonymous_2)
FN:11,(anonymous_3)
FNF:4
FNH:4
FNDA:2,(anonymous_0)
FNDA:2,(anonymous_1)
FNDA:3,(anonymous_2)
FNDA:1,(anonymous_3)
DA:5,2
DA:7,2
DA:8,2
DA:9,3
DA:11,2
LF:5
LH:5
BRF:0
BRH:0
end_of_record
TN:
SF:lib\sorte.js
FN:12,(anonymous_0)
FNF:1
FNH:1
FNDA:2,(anonymous_0)
DA:4,2
DA:12,2
DA:13,2
DA:14,2
LF:4
LH:4
BRF:0
BRH:0
end_of_record
